

Version:	3.5
CmdLine:	G:\sesame\SESAMEserver\Windows\run_sesame_server.exe --l4j-debug
WOW64:		yes
Working dir:	G:\sesame\SESAMEserver\Windows\.
64-bit search:	SOFTWARE\JavaSoft\Java Runtime Environment...
32-bit search:	SOFTWARE\JavaSoft\Java Runtime Environment...
Check:		SOFTWARE\JavaSoft\Java Runtime Environment\1.4
Ignore:		1.4
Check:		SOFTWARE\JavaSoft\Java Runtime Environment\1.7
Check launcher:	C:\Program Files (x86)\Java\jre7\bin\javaw.exe (OK)
Match:		1.7
Check:		SOFTWARE\JavaSoft\Java Runtime Environment\1.7.0_60
Check launcher:	C:\Program Files (x86)\Java\jre7\bin\javaw.exe (OK)
Match:		1.7.0_60
64-bit search:	SOFTWARE\JavaSoft\Java Development Kit...
Check:		SOFTWARE\JavaSoft\Java Development Kit\1.7
Ignore:		1.7
Check:		SOFTWARE\JavaSoft\Java Development Kit\1.7.0_45
Ignore:		1.7.0_45
32-bit search:	SOFTWARE\JavaSoft\Java Development Kit...
Runtime used:	1.7.0_60 (32-bit)
Launcher:	C:\Program Files (x86)\Java\jre7\bin\javaw.exe
Launcher args:	-jar "G:\sesame\SESAMEserver\Windows\run_sesame_server.exe"
Args length:	59/32768 chars
Exit code:	0


Version:	3.5
CmdLine:	G:\sesame\SESAMEserver\Windows\run_sesame_server.exe --l4j-debug
WOW64:		yes
Working dir:	G:\sesame\SESAMEserver\Windows\.
64-bit search:	SOFTWARE\JavaSoft\Java Runtime Environment...
32-bit search:	SOFTWARE\JavaSoft\Java Runtime Environment...
Check:		SOFTWARE\JavaSoft\Java Runtime Environment\1.4
Ignore:		1.4
Check:		SOFTWARE\JavaSoft\Java Runtime Environment\1.7
Check launcher:	C:\Program Files (x86)\Java\jre7\bin\javaw.exe (OK)
Match:		1.7
Check:		SOFTWARE\JavaSoft\Java Runtime Environment\1.7.0_60
Check launcher:	C:\Program Files (x86)\Java\jre7\bin\javaw.exe (OK)
Match:		1.7.0_60
64-bit search:	SOFTWARE\JavaSoft\Java Development Kit...
Check:		SOFTWARE\JavaSoft\Java Development Kit\1.7
Ignore:		1.7
Check:		SOFTWARE\JavaSoft\Java Development Kit\1.7.0_45
Ignore:		1.7.0_45
32-bit search:	SOFTWARE\JavaSoft\Java Development Kit...
Runtime used:	1.7.0_60 (32-bit)
Launcher:	C:\Program Files (x86)\Java\jre7\bin\javaw.exe
Launcher args:	-jar "G:\sesame\SESAMEserver\Windows\run_sesame_server.exe"
Args length:	59/32768 chars
Exit code:	0
